********************************************************************************
DUPLICATOR-LITE PACKAGE-LOG: 18 January 2021 15h25
NOTICE: Do NOT post to public sites or forums 
********************************************************************************
VERSION:	1.3.40.1
WORDPRESS:	5.6
PHP INFO:	7.2.34 | SAPI: apache2handler
SERVER:		Apache/2.4.46 (Win64) OpenSSL/1.1.1g PHP/7.2.34 
PHP TIME LIMIT: (0) no time limit imposed 
PHP MAX MEMORY: 4294967296 (512M default) 
MEMORY STACK: 8MB

********************************************************************************
DATABASE:
********************************************************************************
BUILD MODE:   MYSQLDUMP
MYSQLTIMEOUT: 5000
MYSQLDUMP:    Is Supported
SQL CREATED: mybike_90030f79ddac79fd5802_20210118152425_database.sql
SQL FILE SIZE: 1.58MB (1656527)
SQL FILE TIME: 2021-01-18 15:25:59
SQL RUNTIME: 19.84 sec.

********************************************************************************
ARCHIVE (ZIP):
********************************************************************************
ARCHIVE DIR:  C:/xampp/htdocs/moncms
ARCHIVE FILE: mybike_90030f79ddac79fd5802_20210118152425_archive.zip
FILTERS: *OFF*
DIRS:
	not set
FILES:
	not set
EXTS:  not set
----------------------------------------
COMPRESSING
SIZE:	115.54MB
STATS:	Dirs 1,209 | Files 6,776
SQL ADDED: mybike_90030f79ddac79fd5802_20210118152425_database.sql
ZipArchive Object
(
    [status] => 0
    [statusSys] => 0
    [numFiles] => 7985
    [filename] => C:\xampp\htdocs\moncms\wp-content\backups-dup-lite\tmp\mybike_90030f79ddac79fd5802_20210118152425_archive.zip
    [comment] => 
)

FILE ADDED TO ZIP: 7984
COMPRESSION RESULT: '1'
COMPRESSED SIZE: 41.88MB
ARCHIVE RUNTIME: 211.03 sec.
MEMORY STACK: 10MB
building installer
add_extra_files1
add_extra_files2
add_extra_files3
add_extra_files4
Doing archive file check
add_extra_files5
add_extra_files6
add_extra_files8
Successfully opened zip C:/xampp/htdocs/moncms/wp-content/backups-dup-lite/tmp/mybike_90030f79ddac79fd5802_20210118152425_archive.zip
Adding enhanced installer files to archive using ZipArchive
Installer files added to archive
Added to archive
After ziparchive close when adding installer

********************************************************************************
INTEGRITY CHECKS:
********************************************************************************
SQL FILE: 1.58MB
INSTALLER FILE: 61.28KB
ARCHIVE FILE: 43.4MB 
EXPECTED FILE/DIRECTORY COUNT: 7,985
ACTUAL FILE/DIRECTORY COUNT: 7,984
ARCHIVE CONSISTENCY TEST: Pass

********************************************************************************
RECORD ID:[1]
TOTAL PROCESS RUNTIME: 234.48 sec.
PEAK PHP MEMORY USED: 12MB
DONE PROCESSING => mybike 18 January 2021 15h29

